{
    "C:\\projects\\rag-ts\\src\\defaults.ts": {
        "path": "C:\\projects\\rag-ts\\src\\defaults.ts",
        "statementMap": {
            "0": {
                "start": {
                    "line": 5,
                    "column": 13
                },
                "end": {
                    "line": 5,
                    "column": 31
                }
            },
            "1": {
                "start": {
                    "line": 6,
                    "column": 13
                },
                "end": {
                    "line": 6,
                    "column": 33
                }
            },
            "2": {
                "start": {
                    "line": 12,
                    "column": 13
                },
                "end": {
                    "line": 12,
                    "column": 35
                }
            },
            "3": {
                "start": {
                    "line": 13,
                    "column": 13
                },
                "end": {
                    "line": 13,
                    "column": 40
                }
            },
            "4": {
                "start": {
                    "line": 19,
                    "column": 13
                },
                "end": {
                    "line": 19,
                    "column": 23
                }
            },
            "5": {
                "start": {
                    "line": 25,
                    "column": 13
                },
                "end": {
                    "line": 25,
                    "column": 49
                }
            },
            "6": {
                "start": {
                    "line": 26,
                    "column": 13
                },
                "end": {
                    "line": 26,
                    "column": 41
                }
            },
            "7": {
                "start": {
                    "line": 27,
                    "column": 13
                },
                "end": {
                    "line": 27,
                    "column": 41
                }
            },
            "8": {
                "start": {
                    "line": 28,
                    "column": 13
                },
                "end": {
                    "line": 28,
                    "column": 43
                }
            },
            "9": {
                "start": {
                    "line": 34,
                    "column": 13
                },
                "end": {
                    "line": 34,
                    "column": 37
                }
            },
            "10": {
                "start": {
                    "line": 35,
                    "column": 13
                },
                "end": {
                    "line": 35,
                    "column": 42
                }
            },
            "11": {
                "start": {
                    "line": 36,
                    "column": 13
                },
                "end": {
                    "line": 36,
                    "column": 46
                }
            },
            "12": {
                "start": {
                    "line": 37,
                    "column": 13
                },
                "end": {
                    "line": 37,
                    "column": 46
                }
            },
            "13": {
                "start": {
                    "line": 43,
                    "column": 13
                },
                "end": {
                    "line": 43,
                    "column": 52
                }
            },
            "14": {
                "start": {
                    "line": 44,
                    "column": 13
                },
                "end": {
                    "line": 44,
                    "column": 55
                }
            },
            "15": {
                "start": {
                    "line": 50,
                    "column": 13
                },
                "end": {
                    "line": 50,
                    "column": 38
                }
            },
            "16": {
                "start": {
                    "line": 51,
                    "column": 13
                },
                "end": {
                    "line": 51,
                    "column": 37
                }
            },
            "17": {
                "start": {
                    "line": 52,
                    "column": 13
                },
                "end": {
                    "line": 52,
                    "column": 43
                }
            },
            "18": {
                "start": {
                    "line": 53,
                    "column": 13
                },
                "end": {
                    "line": 53,
                    "column": 32
                }
            },
            "19": {
                "start": {
                    "line": 54,
                    "column": 13
                },
                "end": {
                    "line": 54,
                    "column": 35
                }
            },
            "20": {
                "start": {
                    "line": 60,
                    "column": 13
                },
                "end": {
                    "line": 60,
                    "column": 40
                }
            },
            "21": {
                "start": {
                    "line": 62,
                    "column": 13
                },
                "end": {
                    "line": 72,
                    "column": 2
                }
            },
            "22": {
                "start": {
                    "line": 74,
                    "column": 13
                },
                "end": {
                    "line": 80,
                    "column": 2
                }
            },
            "23": {
                "start": {
                    "line": 82,
                    "column": 13
                },
                "end": {
                    "line": 82,
                    "column": 65
                }
            },
            "24": {
                "start": {
                    "line": 87,
                    "column": 13
                },
                "end": {
                    "line": 107,
                    "column": 2
                }
            },
            "25": {
                "start": {
                    "line": 112,
                    "column": 13
                },
                "end": {
                    "line": 114,
                    "column": 9
                }
            }
        },
        "fnMap": {},
        "branchMap": {},
        "s": {
            "0": 5,
            "1": 5,
            "2": 5,
            "3": 5,
            "4": 5,
            "5": 5,
            "6": 5,
            "7": 5,
            "8": 5,
            "9": 5,
            "10": 5,
            "11": 5,
            "12": 5,
            "13": 5,
            "14": 5,
            "15": 5,
            "16": 5,
            "17": 5,
            "18": 5,
            "19": 5,
            "20": 5,
            "21": 5,
            "22": 5,
            "23": 5,
            "24": 5,
            "25": 5
        },
        "f": {},
        "b": {}
    },
    "C:\\projects\\rag-ts\\src\\cache\\lru-cache.ts": {
        "path": "C:\\projects\\rag-ts\\src\\cache\\lru-cache.ts",
        "statementMap": {
            "0": {
                "start": {
                    "line": 5,
                    "column": 20
                },
                "end": {
                    "line": 5,
                    "column": 70
                }
            },
            "1": {
                "start": {
                    "line": 14,
                    "column": 8
                },
                "end": {
                    "line": 14,
                    "column": 37
                }
            },
            "2": {
                "start": {
                    "line": 15,
                    "column": 8
                },
                "end": {
                    "line": 15,
                    "column": 27
                }
            },
            "3": {
                "start": {
                    "line": 19,
                    "column": 22
                },
                "end": {
                    "line": 19,
                    "column": 41
                }
            },
            "4": {
                "start": {
                    "line": 20,
                    "column": 8
                },
                "end": {
                    "line": 20,
                    "column": 37
                }
            },
            "5": {
                "start": {
                    "line": 20,
                    "column": 20
                },
                "end": {
                    "line": 20,
                    "column": 37
                }
            },
            "6": {
                "start": {
                    "line": 22,
                    "column": 8
                },
                "end": {
                    "line": 25,
                    "column": 9
                }
            },
            "7": {
                "start": {
                    "line": 23,
                    "column": 12
                },
                "end": {
                    "line": 23,
                    "column": 35
                }
            },
            "8": {
                "start": {
                    "line": 24,
                    "column": 12
                },
                "end": {
                    "line": 24,
                    "column": 29
                }
            },
            "9": {
                "start": {
                    "line": 27,
                    "column": 8
                },
                "end": {
                    "line": 27,
                    "column": 27
                }
            },
            "10": {
                "start": {
                    "line": 31,
                    "column": 8
                },
                "end": {
                    "line": 31,
                    "column": 62
                }
            },
            "11": {
                "start": {
                    "line": 32,
                    "column": 8
                },
                "end": {
                    "line": 32,
                    "column": 21
                }
            },
            "12": {
                "start": {
                    "line": 36,
                    "column": 8
                },
                "end": {
                    "line": 36,
                    "column": 43
                }
            },
            "13": {
                "start": {
                    "line": 40,
                    "column": 8
                },
                "end": {
                    "line": 40,
                    "column": 38
                }
            },
            "14": {
                "start": {
                    "line": 44,
                    "column": 8
                },
                "end": {
                    "line": 44,
                    "column": 27
                }
            },
            "15": {
                "start": {
                    "line": 48,
                    "column": 8
                },
                "end": {
                    "line": 48,
                    "column": 31
                }
            },
            "16": {
                "start": {
                    "line": 52,
                    "column": 8
                },
                "end": {
                    "line": 52,
                    "column": 55
                }
            },
            "17": {
                "start": {
                    "line": 52,
                    "column": 48
                },
                "end": {
                    "line": 52,
                    "column": 55
                }
            },
            "18": {
                "start": {
                    "line": 54,
                    "column": 24
                },
                "end": {
                    "line": 55,
                    "column": null
                }
            },
            "19": {
                "start": {
                    "line": 55,
                    "column": 22
                },
                "end": {
                    "line": 55,
                    "column": 53
                }
            },
            "20": {
                "start": {
                    "line": 58,
                    "column": 25
                },
                "end": {
                    "line": 58,
                    "column": 58
                }
            },
            "21": {
                "start": {
                    "line": 59,
                    "column": 8
                },
                "end": {
                    "line": 61,
                    "column": 9
                }
            },
            "22": {
                "start": {
                    "line": 59,
                    "column": 21
                },
                "end": {
                    "line": 59,
                    "column": 22
                }
            },
            "23": {
                "start": {
                    "line": 60,
                    "column": 12
                },
                "end": {
                    "line": 60,
                    "column": 45
                }
            },
            "24": {
                "start": {
                    "line": 4,
                    "column": 0
                },
                "end": {
                    "line": 4,
                    "column": 13
                }
            }
        },
        "fnMap": {
            "0": {
                "name": "(anonymous_0)",
                "decl": {
                    "start": {
                        "line": 13,
                        "column": 4
                    },
                    "end": {
                        "line": 13,
                        "column": 16
                    }
                },
                "loc": {
                    "start": {
                        "line": 13,
                        "column": 53
                    },
                    "end": {
                        "line": 16,
                        "column": 5
                    }
                }
            },
            "1": {
                "name": "(anonymous_1)",
                "decl": {
                    "start": {
                        "line": 18,
                        "column": 4
                    },
                    "end": {
                        "line": 18,
                        "column": 7
                    }
                },
                "loc": {
                    "start": {
                        "line": 18,
                        "column": 19
                    },
                    "end": {
                        "line": 28,
                        "column": 5
                    }
                }
            },
            "2": {
                "name": "(anonymous_2)",
                "decl": {
                    "start": {
                        "line": 30,
                        "column": 4
                    },
                    "end": {
                        "line": 30,
                        "column": 7
                    }
                },
                "loc": {
                    "start": {
                        "line": 30,
                        "column": 29
                    },
                    "end": {
                        "line": 33,
                        "column": 5
                    }
                }
            },
            "3": {
                "name": "(anonymous_3)",
                "decl": {
                    "start": {
                        "line": 35,
                        "column": 4
                    },
                    "end": {
                        "line": 35,
                        "column": 7
                    }
                },
                "loc": {
                    "start": {
                        "line": 35,
                        "column": 19
                    },
                    "end": {
                        "line": 37,
                        "column": 5
                    }
                }
            },
            "4": {
                "name": "(anonymous_4)",
                "decl": {
                    "start": {
                        "line": 39,
                        "column": 4
                    },
                    "end": {
                        "line": 39,
                        "column": 10
                    }
                },
                "loc": {
                    "start": {
                        "line": 39,
                        "column": 22
                    },
                    "end": {
                        "line": 41,
                        "column": 5
                    }
                }
            },
            "5": {
                "name": "(anonymous_5)",
                "decl": {
                    "start": {
                        "line": 43,
                        "column": 4
                    },
                    "end": {
                        "line": 43,
                        "column": 9
                    }
                },
                "loc": {
                    "start": {
                        "line": 43,
                        "column": 9
                    },
                    "end": {
                        "line": 45,
                        "column": 5
                    }
                }
            },
            "6": {
                "name": "(anonymous_6)",
                "decl": {
                    "start": {
                        "line": 47,
                        "column": 4
                    },
                    "end": {
                        "line": 47,
                        "column": 8
                    }
                },
                "loc": {
                    "start": {
                        "line": 47,
                        "column": 12
                    },
                    "end": {
                        "line": 49,
                        "column": 5
                    }
                }
            },
            "7": {
                "name": "(anonymous_7)",
                "decl": {
                    "start": {
                        "line": 51,
                        "column": 12
                    },
                    "end": {
                        "line": 51,
                        "column": 17
                    }
                },
                "loc": {
                    "start": {
                        "line": 51,
                        "column": 17
                    },
                    "end": {
                        "line": 62,
                        "column": 5
                    }
                }
            },
            "8": {
                "name": "(anonymous_8)",
                "decl": {
                    "start": {
                        "line": 55,
                        "column": 12
                    },
                    "end": {
                        "line": 55,
                        "column": 13
                    }
                },
                "loc": {
                    "start": {
                        "line": 55,
                        "column": 22
                    },
                    "end": {
                        "line": 55,
                        "column": 53
                    }
                }
            }
        },
        "branchMap": {
            "0": {
                "loc": {
                    "start": {
                        "line": 13,
                        "column": 36
                    },
                    "end": {
                        "line": 13,
                        "column": 53
                    }
                },
                "type": "default-arg",
                "locations": [
                    {
                        "start": {
                            "line": 13,
                            "column": 52
                        },
                        "end": {
                            "line": 13,
                            "column": 53
                        }
                    }
                ]
            },
            "1": {
                "loc": {
                    "start": {
                        "line": 20,
                        "column": 8
                    },
                    "end": {
                        "line": 20,
                        "column": 37
                    }
                },
                "type": "if",
                "locations": [
                    {
                        "start": {
                            "line": 20,
                            "column": 8
                        },
                        "end": {
                            "line": 20,
                            "column": 37
                        }
                    },
                    {
                        "start": {},
                        "end": {}
                    }
                ]
            },
            "2": {
                "loc": {
                    "start": {
                        "line": 22,
                        "column": 8
                    },
                    "end": {
                        "line": 25,
                        "column": 9
                    }
                },
                "type": "if",
                "locations": [
                    {
                        "start": {
                            "line": 22,
                            "column": 8
                        },
                        "end": {
                            "line": 25,
                            "column": 9
                        }
                    },
                    {
                        "start": {},
                        "end": {}
                    }
                ]
            },
            "3": {
                "loc": {
                    "start": {
                        "line": 22,
                        "column": 12
                    },
                    "end": {
                        "line": 22,
                        "column": 71
                    }
                },
                "type": "binary-expr",
                "locations": [
                    {
                        "start": {
                            "line": 22,
                            "column": 12
                        },
                        "end": {
                            "line": 22,
                            "column": 26
                        }
                    },
                    {
                        "start": {
                            "line": 22,
                            "column": 30
                        },
                        "end": {
                            "line": 22,
                            "column": 71
                        }
                    }
                ]
            },
            "4": {
                "loc": {
                    "start": {
                        "line": 52,
                        "column": 8
                    },
                    "end": {
                        "line": 52,
                        "column": 55
                    }
                },
                "type": "if",
                "locations": [
                    {
                        "start": {
                            "line": 52,
                            "column": 8
                        },
                        "end": {
                            "line": 52,
                            "column": 55
                        }
                    },
                    {
                        "start": {},
                        "end": {}
                    }
                ]
            }
        },
        "s": {
            "0": 6,
            "1": 6,
            "2": 6,
            "3": 12,
            "4": 12,
            "5": 4,
            "6": 8,
            "7": 1,
            "8": 1,
            "9": 7,
            "10": 10,
            "11": 10,
            "12": 1,
            "13": 1,
            "14": 1,
            "15": 4,
            "16": 10,
            "17": 9,
            "18": 1,
            "19": 2,
            "20": 1,
            "21": 1,
            "22": 1,
            "23": 1,
            "24": 2
        },
        "f": {
            "0": 6,
            "1": 12,
            "2": 10,
            "3": 1,
            "4": 1,
            "5": 1,
            "6": 4,
            "7": 10,
            "8": 2
        },
        "b": {
            "0": [
                3
            ],
            "1": [
                4,
                8
            ],
            "2": [
                1,
                7
            ],
            "3": [
                8,
                4
            ],
            "4": [
                9,
                1
            ]
        }
    },
    "C:\\projects\\rag-ts\\src\\chunking\\code-chunker.ts": {
        "path": "C:\\projects\\rag-ts\\src\\chunking\\code-chunker.ts",
        "statementMap": {
            "0": {
                "start": {
                    "line": 1,
                    "column": 0
                },
                "end": {
                    "line": 1,
                    "column": 59
                }
            },
            "1": {
                "start": {
                    "line": 3,
                    "column": 0
                },
                "end": {
                    "line": 3,
                    "column": 56
                }
            },
            "2": {
                "start": {
                    "line": 4,
                    "column": 0
                },
                "end": {
                    "line": 4,
                    "column": 48
                }
            },
            "3": {
                "start": {
                    "line": 5,
                    "column": 0
                },
                "end": {
                    "line": 5,
                    "column": 88
                }
            },
            "4": {
                "start": {
                    "line": 14,
                    "column": 20
                },
                "end": {
                    "line": 14,
                    "column": 23
                }
            },
            "5": {
                "start": {
                    "line": 15,
                    "column": 4
                },
                "end": {
                    "line": 19,
                    "column": 5
                }
            },
            "6": {
                "start": {
                    "line": 15,
                    "column": 21
                },
                "end": {
                    "line": 15,
                    "column": 22
                }
            },
            "7": {
                "start": {
                    "line": 16,
                    "column": 8
                },
                "end": {
                    "line": 18,
                    "column": 9
                }
            },
            "8": {
                "start": {
                    "line": 17,
                    "column": 12
                },
                "end": {
                    "line": 17,
                    "column": 36
                }
            },
            "9": {
                "start": {
                    "line": 20,
                    "column": 4
                },
                "end": {
                    "line": 20,
                    "column": 19
                }
            },
            "10": {
                "start": {
                    "line": 24,
                    "column": 4
                },
                "end": {
                    "line": 24,
                    "column": 28
                }
            },
            "11": {
                "start": {
                    "line": 24,
                    "column": 19
                },
                "end": {
                    "line": 24,
                    "column": 28
                }
            },
            "12": {
                "start": {
                    "line": 25,
                    "column": 24
                },
                "end": {
                    "line": 25,
                    "column": 75
                }
            },
            "13": {
                "start": {
                    "line": 26,
                    "column": 22
                },
                "end": {
                    "line": 26,
                    "column": 42
                }
            },
            "14": {
                "start": {
                    "line": 27,
                    "column": 4
                },
                "end": {
                    "line": 27,
                    "column": 56
                }
            },
            "15": {
                "start": {
                    "line": 27,
                    "column": 39
                },
                "end": {
                    "line": 27,
                    "column": 56
                }
            },
            "16": {
                "start": {
                    "line": 28,
                    "column": 4
                },
                "end": {
                    "line": 28,
                    "column": 24
                }
            },
            "17": {
                "start": {
                    "line": 34,
                    "column": 4
                },
                "end": {
                    "line": 48,
                    "column": 5
                }
            },
            "18": {
                "start": {
                    "line": 45,
                    "column": 12
                },
                "end": {
                    "line": 45,
                    "column": 24
                }
            },
            "19": {
                "start": {
                    "line": 47,
                    "column": 12
                },
                "end": {
                    "line": 47,
                    "column": 27
                }
            },
            "20": {
                "start": {
                    "line": 52,
                    "column": 20
                },
                "end": {
                    "line": 52,
                    "column": 62
                }
            },
            "21": {
                "start": {
                    "line": 53,
                    "column": 4
                },
                "end": {
                    "line": 53,
                    "column": 40
                }
            },
            "22": {
                "start": {
                    "line": 53,
                    "column": 30
                },
                "end": {
                    "line": 53,
                    "column": 40
                }
            },
            "23": {
                "start": {
                    "line": 55,
                    "column": 20
                },
                "end": {
                    "line": 55,
                    "column": 44
                }
            },
            "24": {
                "start": {
                    "line": 56,
                    "column": 20
                },
                "end": {
                    "line": 58,
                    "column": 96
                }
            },
            "25": {
                "start": {
                    "line": 58,
                    "column": 31
                },
                "end": {
                    "line": 58,
                    "column": 95
                }
            },
            "26": {
                "start": {
                    "line": 60,
                    "column": 32
                },
                "end": {
                    "line": 60,
                    "column": 34
                }
            },
            "27": {
                "start": {
                    "line": 61,
                    "column": 23
                },
                "end": {
                    "line": 61,
                    "column": 24
                }
            },
            "28": {
                "start": {
                    "line": 63,
                    "column": 4
                },
                "end": {
                    "line": 82,
                    "column": 5
                }
            },
            "29": {
                "start": {
                    "line": 64,
                    "column": 27
                },
                "end": {
                    "line": 64,
                    "column": 84
                }
            },
            "30": {
                "start": {
                    "line": 65,
                    "column": 25
                },
                "end": {
                    "line": 65,
                    "column": 84
                }
            },
            "31": {
                "start": {
                    "line": 66,
                    "column": 8
                },
                "end": {
                    "line": 66,
                    "column": 45
                }
            },
            "32": {
                "start": {
                    "line": 66,
                    "column": 36
                },
                "end": {
                    "line": 66,
                    "column": 45
                }
            },
            "33": {
                "start": {
                    "line": 68,
                    "column": 29
                },
                "end": {
                    "line": 68,
                    "column": 63
                }
            },
            "34": {
                "start": {
                    "line": 69,
                    "column": 8
                },
                "end": {
                    "line": 69,
                    "column": 47
                }
            },
            "35": {
                "start": {
                    "line": 69,
                    "column": 38
                },
                "end": {
                    "line": 69,
                    "column": 47
                }
            },
            "36": {
                "start": {
                    "line": 71,
                    "column": 8
                },
                "end": {
                    "line": 80,
                    "column": 11
                }
            },
            "37": {
                "start": {
                    "line": 81,
                    "column": 8
                },
                "end": {
                    "line": 81,
                    "column": 32
                }
            },
            "38": {
                "start": {
                    "line": 84,
                    "column": 4
                },
                "end": {
                    "line": 84,
                    "column": 17
                }
            },
            "39": {
                "start": {
                    "line": 101,
                    "column": 8
                },
                "end": {
                    "line": 101,
                    "column": 58
                }
            },
            "40": {
                "start": {
                    "line": 102,
                    "column": 8
                },
                "end": {
                    "line": 102,
                    "column": 67
                }
            },
            "41": {
                "start": {
                    "line": 103,
                    "column": 8
                },
                "end": {
                    "line": 103,
                    "column": 107
                }
            },
            "42": {
                "start": {
                    "line": 111,
                    "column": 20
                },
                "end": {
                    "line": 111,
                    "column": 57
                }
            },
            "43": {
                "start": {
                    "line": 112,
                    "column": 8
                },
                "end": {
                    "line": 112,
                    "column": 57
                }
            },
            "44": {
                "start": {
                    "line": 112,
                    "column": 18
                },
                "end": {
                    "line": 112,
                    "column": 57
                }
            },
            "45": {
                "start": {
                    "line": 114,
                    "column": 24
                },
                "end": {
                    "line": 114,
                    "column": 58
                }
            },
            "46": {
                "start": {
                    "line": 115,
                    "column": 25
                },
                "end": {
                    "line": 115,
                    "column": 92
                }
            },
            "47": {
                "start": {
                    "line": 116,
                    "column": 8
                },
                "end": {
                    "line": 116,
                    "column": 62
                }
            },
            "48": {
                "start": {
                    "line": 116,
                    "column": 23
                },
                "end": {
                    "line": 116,
                    "column": 62
                }
            },
            "49": {
                "start": {
                    "line": 118,
                    "column": 8
                },
                "end": {
                    "line": 118,
                    "column": 52
                }
            },
            "50": {
                "start": {
                    "line": 122,
                    "column": 34
                },
                "end": {
                    "line": 122,
                    "column": 36
                }
            },
            "51": {
                "start": {
                    "line": 123,
                    "column": 8
                },
                "end": {
                    "line": 127,
                    "column": 9
                }
            },
            "52": {
                "start": {
                    "line": 124,
                    "column": 12
                },
                "end": {
                    "line": 124,
                    "column": 70
                }
            },
            "53": {
                "start": {
                    "line": 126,
                    "column": 12
                },
                "end": {
                    "line": 126,
                    "column": 51
                }
            },
            "54": {
                "start": {
                    "line": 129,
                    "column": 8
                },
                "end": {
                    "line": 131,
                    "column": 9
                }
            },
            "55": {
                "start": {
                    "line": 130,
                    "column": 12
                },
                "end": {
                    "line": 130,
                    "column": 51
                }
            },
            "56": {
                "start": {
                    "line": 133,
                    "column": 39
                },
                "end": {
                    "line": 133,
                    "column": 41
                }
            },
            "57": {
                "start": {
                    "line": 134,
                    "column": 29
                },
                "end": {
                    "line": 134,
                    "column": 31
                }
            },
            "58": {
                "start": {
                    "line": 135,
                    "column": 43
                },
                "end": {
                    "line": 135,
                    "column": 45
                }
            },
            "59": {
                "start": {
                    "line": 137,
                    "column": 29
                },
                "end": {
                    "line": 160,
                    "column": 9
                }
            },
            "60": {
                "start": {
                    "line": 138,
                    "column": 12
                },
                "end": {
                    "line": 142,
                    "column": 13
                }
            },
            "61": {
                "start": {
                    "line": 139,
                    "column": 16
                },
                "end": {
                    "line": 139,
                    "column": 36
                }
            },
            "62": {
                "start": {
                    "line": 140,
                    "column": 16
                },
                "end": {
                    "line": 140,
                    "column": 36
                }
            },
            "63": {
                "start": {
                    "line": 141,
                    "column": 16
                },
                "end": {
                    "line": 141,
                    "column": 23
                }
            },
            "64": {
                "start": {
                    "line": 144,
                    "column": 12
                },
                "end": {
                    "line": 157,
                    "column": 13
                }
            },
            "65": {
                "start": {
                    "line": 145,
                    "column": 34
                },
                "end": {
                    "line": 145,
                    "column": 72
                }
            },
            "66": {
                "start": {
                    "line": 146,
                    "column": 16
                },
                "end": {
                    "line": 151,
                    "column": 17
                }
            },
            "67": {
                "start": {
                    "line": 147,
                    "column": 20
                },
                "end": {
                    "line": 150,
                    "column": 23
                }
            },
            "68": {
                "start": {
                    "line": 153,
                    "column": 16
                },
                "end": {
                    "line": 156,
                    "column": 19
                }
            },
            "69": {
                "start": {
                    "line": 158,
                    "column": 12
                },
                "end": {
                    "line": 158,
                    "column": 32
                }
            },
            "70": {
                "start": {
                    "line": 159,
                    "column": 12
                },
                "end": {
                    "line": 159,
                    "column": 32
                }
            },
            "71": {
                "start": {
                    "line": 163,
                    "column": 8
                },
                "end": {
                    "line": 168,
                    "column": 9
                }
            },
            "72": {
                "start": {
                    "line": 164,
                    "column": 29
                },
                "end": {
                    "line": 164,
                    "column": 73
                }
            },
            "73": {
                "start": {
                    "line": 165,
                    "column": 12
                },
                "end": {
                    "line": 167,
                    "column": 13
                }
            },
            "74": {
                "start": {
                    "line": 166,
                    "column": 16
                },
                "end": {
                    "line": 166,
                    "column": 42
                }
            },
            "75": {
                "start": {
                    "line": 170,
                    "column": 8
                },
                "end": {
                    "line": 184,
                    "column": 9
                }
            },
            "76": {
                "start": {
                    "line": 171,
                    "column": 31
                },
                "end": {
                    "line": 171,
                    "column": 76
                }
            },
            "77": {
                "start": {
                    "line": 174,
                    "column": 12
                },
                "end": {
                    "line": 176,
                    "column": 13
                }
            },
            "78": {
                "start": {
                    "line": 175,
                    "column": 16
                },
                "end": {
                    "line": 175,
                    "column": 31
                }
            },
            "79": {
                "start": {
                    "line": 178,
                    "column": 12
                },
                "end": {
                    "line": 182,
                    "column": 13
                }
            },
            "80": {
                "start": {
                    "line": 179,
                    "column": 16
                },
                "end": {
                    "line": 179,
                    "column": 52
                }
            },
            "81": {
                "start": {
                    "line": 181,
                    "column": 16
                },
                "end": {
                    "line": 181,
                    "column": 44
                }
            },
            "82": {
                "start": {
                    "line": 183,
                    "column": 12
                },
                "end": {
                    "line": 183,
                    "column": 45
                }
            },
            "83": {
                "start": {
                    "line": 187,
                    "column": 8
                },
                "end": {
                    "line": 187,
                    "column": 23
                }
            },
            "84": {
                "start": {
                    "line": 190,
                    "column": 8
                },
                "end": {
                    "line": 192,
                    "column": 9
                }
            },
            "85": {
                "start": {
                    "line": 191,
                    "column": 12
                },
                "end": {
                    "line": 191,
                    "column": 51
                }
            },
            "86": {
                "start": {
                    "line": 194,
                    "column": 8
                },
                "end": {
                    "line": 194,
                    "column": 23
                }
            },
            "87": {
                "start": {
                    "line": 95,
                    "column": 0
                },
                "end": {
                    "line": 95,
                    "column": 13
                }
            }
        },
        "fnMap": {
            "0": {
                "name": "lineStartOffsets",
                "decl": {
                    "start": {
                        "line": 13,
                        "column": 9
                    },
                    "end": {
                        "line": 13,
                        "column": 25
                    }
                },
                "loc": {
                    "start": {
                        "line": 13,
                        "column": 40
                    },
                    "end": {
                        "line": 21,
                        "column": 1
                    }
                }
            },
            "1": {
                "name": "toIndexFromLine",
                "decl": {
                    "start": {
                        "line": 23,
                        "column": 9
                    },
                    "end": {
                        "line": 23,
                        "column": 24
                    }
                },
                "loc": {
                    "start": {
                        "line": 23,
                        "column": 78
                    },
                    "end": {
                        "line": 29,
                        "column": 1
                    }
                }
            },
            "2": {
                "name": "normalizeSymbolKind",
                "decl": {
                    "start": {
                        "line": 31,
                        "column": 9
                    },
                    "end": {
                        "line": 31,
                        "column": 28
                    }
                },
                "loc": {
                    "start": {
                        "line": 32,
                        "column": 16
                    },
                    "end": {
                        "line": 49,
                        "column": 1
                    }
                }
            },
            "3": {
                "name": "extractSymbolsFromTreeSitterTs",
                "decl": {
                    "start": {
                        "line": 51,
                        "column": 9
                    },
                    "end": {
                        "line": 51,
                        "column": 39
                    }
                },
                "loc": {
                    "start": {
                        "line": 51,
                        "column": 72
                    },
                    "end": {
                        "line": 85,
                        "column": 1
                    }
                }
            },
            "4": {
                "name": "(anonymous_4)",
                "decl": {
                    "start": {
                        "line": 58,
                        "column": 14
                    },
                    "end": {
                        "line": 58,
                        "column": 15
                    }
                },
                "loc": {
                    "start": {
                        "line": 58,
                        "column": 31
                    },
                    "end": {
                        "line": 58,
                        "column": 95
                    }
                }
            },
            "5": {
                "name": "(anonymous_5)",
                "decl": {
                    "start": {
                        "line": 100,
                        "column": 4
                    },
                    "end": {
                        "line": 100,
                        "column": 16
                    }
                },
                "loc": {
                    "start": {
                        "line": 100,
                        "column": 41
                    },
                    "end": {
                        "line": 104,
                        "column": 5
                    }
                }
            },
            "6": {
                "name": "(anonymous_6)",
                "decl": {
                    "start": {
                        "line": 110,
                        "column": 4
                    },
                    "end": {
                        "line": 110,
                        "column": 9
                    }
                },
                "loc": {
                    "start": {
                        "line": 110,
                        "column": 69
                    },
                    "end": {
                        "line": 119,
                        "column": 5
                    }
                }
            },
            "7": {
                "name": "(anonymous_7)",
                "decl": {
                    "start": {
                        "line": 121,
                        "column": 12
                    },
                    "end": {
                        "line": 121,
                        "column": 17
                    }
                },
                "loc": {
                    "start": {
                        "line": 121,
                        "column": 64
                    },
                    "end": {
                        "line": 195,
                        "column": 5
                    }
                }
            },
            "8": {
                "name": "(anonymous_8)",
                "decl": {
                    "start": {
                        "line": 137,
                        "column": 29
                    },
                    "end": {
                        "line": 137,
                        "column": 32
                    }
                },
                "loc": {
                    "start": {
                        "line": 137,
                        "column": 34
                    },
                    "end": {
                        "line": 160,
                        "column": 9
                    }
                }
            }
        },
        "branchMap": {
            "0": {
                "loc": {
                    "start": {
                        "line": 16,
                        "column": 8
                    },
                    "end": {
                        "line": 18,
                        "column": 9
                    }
                },
                "type": "if",
                "locations": [
                    {
                        "start": {
                            "line": 16,
                            "column": 8
                        },
                        "end": {
                            "line": 18,
                            "column": 9
                        }
                    },
                    {
                        "start": {},
                        "end": {}
                    }
                ]
            },
            "1": {
                "loc": {
                    "start": {
                        "line": 24,
                        "column": 4
                    },
                    "end": {
                        "line": 24,
                        "column": 28
                    }
                },
                "type": "if",
                "locations": [
                    {
                        "start": {
                            "line": 24,
                            "column": 4
                        },
                        "end": {
                            "line": 24,
                            "column": 28
                        }
                    },
                    {
                        "start": {},
                        "end": {}
                    }
                ]
            },
            "2": {
                "loc": {
                    "start": {
                        "line": 27,
                        "column": 4
                    },
                    "end": {
                        "line": 27,
                        "column": 56
                    }
                },
                "type": "if",
                "locations": [
                    {
                        "start": {
                            "line": 27,
                            "column": 4
                        },
                        "end": {
                            "line": 27,
                            "column": 56
                        }
                    },
                    {
                        "start": {},
                        "end": {}
                    }
                ]
            },
            "3": {
                "loc": {
                    "start": {
                        "line": 34,
                        "column": 4
                    },
                    "end": {
                        "line": 48,
                        "column": 5
                    }
                },
                "type": "switch",
                "locations": [
                    {
                        "start": {
                            "line": 35,
                            "column": 8
                        },
                        "end": {
                            "line": 35,
                            "column": 24
                        }
                    },
                    {
                        "start": {
                            "line": 36,
                            "column": 8
                        },
                        "end": {
                            "line": 36,
                            "column": 21
                        }
                    },
                    {
                        "start": {
                            "line": 37,
                            "column": 8
                        },
                        "end": {
                            "line": 37,
                            "column": 22
                        }
                    },
                    {
                        "start": {
                            "line": 38,
                            "column": 8
                        },
                        "end": {
                            "line": 38,
                            "column": 25
                        }
                    },
                    {
                        "start": {
                            "line": 39,
                            "column": 8
                        },
                        "end": {
                            "line": 39,
                            "column": 20
                        }
                    },
                    {
                        "start": {
                            "line": 40,
                            "column": 8
                        },
                        "end": {
                            "line": 40,
                            "column": 20
                        }
                    },
                    {
                        "start": {
                            "line": 41,
                            "column": 8
                        },
                        "end": {
                            "line": 41,
                            "column": 22
                        }
                    },
                    {
                        "start": {
                            "line": 42,
                            "column": 8
                        },
                        "end": {
                            "line": 42,
                            "column": 24
                        }
                    },
                    {
                        "start": {
                            "line": 43,
                            "column": 8
                        },
                        "end": {
                            "line": 43,
                            "column": 22
                        }
                    },
                    {
                        "start": {
                            "line": 44,
                            "column": 8
                        },
                        "end": {
                            "line": 45,
                            "column": 24
                        }
                    },
                    {
                        "start": {
                            "line": 46,
                            "column": 8
                        },
                        "end": {
                            "line": 47,
                            "column": 27
                        }
                    }
                ]
            },
            "4": {
                "loc": {
                    "start": {
                        "line": 53,
                        "column": 4
                    },
                    "end": {
                        "line": 53,
                        "column": 40
                    }
                },
                "type": "if",
                "locations": [
                    {
                        "start": {
                            "line": 53,
                            "column": 4
                        },
                        "end": {
                            "line": 53,
                            "column": 40
                        }
                    },
                    {
                        "start": {},
                        "end": {}
                    }
                ]
            },
            "5": {
                "loc": {
                    "start": {
                        "line": 58,
                        "column": 31
                    },
                    "end": {
                        "line": 58,
                        "column": 95
                    }
                },
                "type": "binary-expr",
                "locations": [
                    {
                        "start": {
                            "line": 58,
                            "column": 31
                        },
                        "end": {
                            "line": 58,
                            "column": 63
                        }
                    },
                    {
                        "start": {
                            "line": 58,
                            "column": 67
                        },
                        "end": {
                            "line": 58,
                            "column": 95
                        }
                    }
                ]
            },
            "6": {
                "loc": {
                    "start": {
                        "line": 66,
                        "column": 8
                    },
                    "end": {
                        "line": 66,
                        "column": 45
                    }
                },
                "type": "if",
                "locations": [
                    {
                        "start": {
                            "line": 66,
                            "column": 8
                        },
                        "end": {
                            "line": 66,
                            "column": 45
                        }
                    },
                    {
                        "start": {},
                        "end": {}
                    }
                ]
            },
            "7": {
                "loc": {
                    "start": {
                        "line": 69,
                        "column": 8
                    },
                    "end": {
                        "line": 69,
                        "column": 47
                    }
                },
                "type": "if",
                "locations": [
                    {
                        "start": {
                            "line": 69,
                            "column": 8
                        },
                        "end": {
                            "line": 69,
                            "column": 47
                        }
                    },
                    {
                        "start": {},
                        "end": {}
                    }
                ]
            },
            "8": {
                "loc": {
                    "start": {
                        "line": 73,
                        "column": 22
                    },
                    "end": {
                        "line": 73,
                        "column": 63
                    }
                },
                "type": "binary-expr",
                "locations": [
                    {
                        "start": {
                            "line": 73,
                            "column": 22
                        },
                        "end": {
                            "line": 73,
                            "column": 41
                        }
                    },
                    {
                        "start": {
                            "line": 73,
                            "column": 45
                        },
                        "end": {
                            "line": 73,
                            "column": 63
                        }
                    }
                ]
            },
            "9": {
                "loc": {
                    "start": {
                        "line": 101,
                        "column": 25
                    },
                    "end": {
                        "line": 101,
                        "column": 57
                    }
                },
                "type": "binary-expr",
                "locations": [
                    {
                        "start": {
                            "line": 101,
                            "column": 25
                        },
                        "end": {
                            "line": 101,
                            "column": 43
                        }
                    },
                    {
                        "start": {
                            "line": 101,
                            "column": 47
                        },
                        "end": {
                            "line": 101,
                            "column": 57
                        }
                    }
                ]
            },
            "10": {
                "loc": {
                    "start": {
                        "line": 102,
                        "column": 28
                    },
                    "end": {
                        "line": 102,
                        "column": 66
                    }
                },
                "type": "binary-expr",
                "locations": [
                    {
                        "start": {
                            "line": 102,
                            "column": 28
                        },
                        "end": {
                            "line": 102,
                            "column": 49
                        }
                    },
                    {
                        "start": {
                            "line": 102,
                            "column": 53
                        },
                        "end": {
                            "line": 102,
                            "column": 66
                        }
                    }
                ]
            },
            "11": {
                "loc": {
                    "start": {
                        "line": 112,
                        "column": 8
                    },
                    "end": {
                        "line": 112,
                        "column": 57
                    }
                },
                "type": "if",
                "locations": [
                    {
                        "start": {
                            "line": 112,
                            "column": 8
                        },
                        "end": {
                            "line": 112,
                            "column": 57
                        }
                    },
                    {
                        "start": {},
                        "end": {}
                    }
                ]
            },
            "12": {
                "loc": {
                    "start": {
                        "line": 114,
                        "column": 24
                    },
                    "end": {
                        "line": 114,
                        "column": 58
                    }
                },
                "type": "binary-expr",
                "locations": [
                    {
                        "start": {
                            "line": 114,
                            "column": 24
                        },
                        "end": {
                            "line": 114,
                            "column": 51
                        }
                    },
                    {
                        "start": {
                            "line": 114,
                            "column": 55
                        },
                        "end": {
                            "line": 114,
                            "column": 58
                        }
                    }
                ]
            },
            "13": {
                "loc": {
                    "start": {
                        "line": 115,
                        "column": 25
                    },
                    "end": {
                        "line": 115,
                        "column": 92
                    }
                },
                "type": "cond-expr",
                "locations": [
                    {
                        "start": {
                            "line": 115,
                            "column": 43
                        },
                        "end": {
                            "line": 115,
                            "column": 46
                        }
                    },
                    {
                        "start": {
                            "line": 115,
                            "column": 50
                        },
                        "end": {
                            "line": 115,
                            "column": 91
                        }
                    }
                ]
            },
            "14": {
                "loc": {
                    "start": {
                        "line": 115,
                        "column": 50
                    },
                    "end": {
                        "line": 115,
                        "column": 91
                    }
                },
                "type": "cond-expr",
                "locations": [
                    {
                        "start": {
                            "line": 115,
                            "column": 72
                        },
                        "end": {
                            "line": 115,
                            "column": 79
                        }
                    },
                    {
                        "start": {
                            "line": 115,
                            "column": 82
                        },
                        "end": {
                            "line": 115,
                            "column": 91
                        }
                    }
                ]
            },
            "15": {
                "loc": {
                    "start": {
                        "line": 116,
                        "column": 8
                    },
                    "end": {
                        "line": 116,
                        "column": 62
                    }
                },
                "type": "if",
                "locations": [
                    {
                        "start": {
                            "line": 116,
                            "column": 8
                        },
                        "end": {
                            "line": 116,
                            "column": 62
                        }
                    },
                    {
                        "start": {},
                        "end": {}
                    }
                ]
            },
            "16": {
                "loc": {
                    "start": {
                        "line": 129,
                        "column": 8
                    },
                    "end": {
                        "line": 131,
                        "column": 9
                    }
                },
                "type": "if",
                "locations": [
                    {
                        "start": {
                            "line": 129,
                            "column": 8
                        },
                        "end": {
                            "line": 131,
                            "column": 9
                        }
                    },
                    {
                        "start": {},
                        "end": {}
                    }
                ]
            },
            "17": {
                "loc": {
                    "start": {
                        "line": 138,
                        "column": 12
                    },
                    "end": {
                        "line": 142,
                        "column": 13
                    }
                },
                "type": "if",
                "locations": [
                    {
                        "start": {
                            "line": 138,
                            "column": 12
                        },
                        "end": {
                            "line": 142,
                            "column": 13
                        }
                    },
                    {
                        "start": {},
                        "end": {}
                    }
                ]
            },
            "18": {
                "loc": {
                    "start": {
                        "line": 144,
                        "column": 12
                    },
                    "end": {
                        "line": 157,
                        "column": 13
                    }
                },
                "type": "if",
                "locations": [
                    {
                        "start": {
                            "line": 144,
                            "column": 12
                        },
                        "end": {
                            "line": 157,
                            "column": 13
                        }
                    },
                    {
                        "start": {
                            "line": 152,
                            "column": 19
                        },
                        "end": {
                            "line": 157,
                            "column": 13
                        }
                    }
                ]
            },
            "19": {
                "loc": {
                    "start": {
                        "line": 149,
                        "column": 33
                    },
                    "end": {
                        "line": 149,
                        "column": 92
                    }
                },
                "type": "cond-expr",
                "locations": [
                    {
                        "start": {
                            "line": 149,
                            "column": 61
                        },
                        "end": {
                            "line": 149,
                            "column": 80
                        }
                    },
                    {
                        "start": {
                            "line": 149,
                            "column": 83
                        },
                        "end": {
                            "line": 149,
                            "column": 92
                        }
                    }
                ]
            },
            "20": {
                "loc": {
                    "start": {
                        "line": 155,
                        "column": 29
                    },
                    "end": {
                        "line": 155,
                        "column": 88
                    }
                },
                "type": "cond-expr",
                "locations": [
                    {
                        "start": {
                            "line": 155,
                            "column": 57
                        },
                        "end": {
                            "line": 155,
                            "column": 76
                        }
                    },
                    {
                        "start": {
                            "line": 155,
                            "column": 79
                        },
                        "end": {
                            "line": 155,
                            "column": 88
                        }
                    }
                ]
            },
            "21": {
                "loc": {
                    "start": {
                        "line": 163,
                        "column": 8
                    },
                    "end": {
                        "line": 168,
                        "column": 9
                    }
                },
                "type": "if",
                "locations": [
                    {
                        "start": {
                            "line": 163,
                            "column": 8
                        },
                        "end": {
                            "line": 168,
                            "column": 9
                        }
                    },
                    {
                        "start": {},
                        "end": {}
                    }
                ]
            },
            "22": {
                "loc": {
                    "start": {
                        "line": 163,
                        "column": 12
                    },
                    "end": {
                        "line": 163,
                        "column": 55
                    }
                },
                "type": "binary-expr",
                "locations": [
                    {
                        "start": {
                            "line": 163,
                            "column": 12
                        },
                        "end": {
                            "line": 163,
                            "column": 28
                        }
                    },
                    {
                        "start": {
                            "line": 163,
                            "column": 32
                        },
                        "end": {
                            "line": 163,
                            "column": 55
                        }
                    }
                ]
            },
            "23": {
                "loc": {
                    "start": {
                        "line": 165,
                        "column": 12
                    },
                    "end": {
                        "line": 167,
                        "column": 13
                    }
                },
                "type": "if",
                "locations": [
                    {
                        "start": {
                            "line": 165,
                            "column": 12
                        },
                        "end": {
                            "line": 167,
                            "column": 13
                        }
                    },
                    {
                        "start": {},
                        "end": {}
[...]
                        },
                        "end": {
                            "line": 148,
                            "column": 13
                        }
                    },
                    {
                        "start": {
                            "line": 146,
                            "column": 19
                        },
                        "end": {
                            "line": 148,
                            "column": 13
                        }
                    }
                ]
            },
            "15": {
                "loc": {
                    "start": {
                        "line": 159,
                        "column": 8
                    },
                    "end": {
                        "line": 159,
                        "column": 68
                    }
                },
                "type": "if",
                "locations": [
                    {
                        "start": {
                            "line": 159,
                            "column": 8
                        },
                        "end": {
                            "line": 159,
                            "column": 68
                        }
                    },
                    {
                        "start": {},
                        "end": {}
                    }
                ]
            },
            "16": {
                "loc": {
                    "start": {
                        "line": 166,
                        "column": 12
                    },
                    "end": {
                        "line": 166,
                        "column": 104
                    }
                },
                "type": "if",
                "locations": [
                    {
                        "start": {
                            "line": 166,
                            "column": 12
                        },
                        "end": {
                            "line": 166,
                            "column": 104
                        }
                    },
                    {
                        "start": {},
                        "end": {}
                    }
                ]
            },
            "17": {
                "loc": {
                    "start": {
                        "line": 168,
                        "column": 12
                    },
                    "end": {
                        "line": 168,
                        "column": 31
                    }
                },
                "type": "if",
                "locations": [
                    {
                        "start": {
                            "line": 168,
                            "column": 12
                        },
                        "end": {
                            "line": 168,
                            "column": 31
                        }
                    },
                    {
                        "start": {},
                        "end": {}
                    }
                ]
            },
            "18": {
                "loc": {
                    "start": {
                        "line": 171,
                        "column": 16
                    },
                    "end": {
                        "line": 171,
                        "column": 75
                    }
                },
                "type": "if",
                "locations": [
                    {
                        "start": {
                            "line": 171,
                            "column": 16
                        },
                        "end": {
                            "line": 171,
                            "column": 75
                        }
                    },
                    {
                        "start": {},
                        "end": {}
                    }
                ]
            },
            "19": {
                "loc": {
                    "start": {
                        "line": 173,
                        "column": 12
                    },
                    "end": {
                        "line": 173,
                        "column": 71
                    }
                },
                "type": "if",
                "locations": [
                    {
                        "start": {
                            "line": 173,
                            "column": 12
                        },
                        "end": {
                            "line": 173,
                            "column": 71
                        }
                    },
                    {
                        "start": {},
                        "end": {}
                    }
                ]
            },
            "20": {
                "loc": {
                    "start": {
                        "line": 176,
                        "column": 8
                    },
                    "end": {
                        "line": 176,
                        "column": 74
                    }
                },
                "type": "if",
                "locations": [
                    {
                        "start": {
                            "line": 176,
                            "column": 8
                        },
                        "end": {
                            "line": 176,
                            "column": 74
                        }
                    },
                    {
                        "start": {},
                        "end": {}
                    }
                ]
            },
            "21": {
                "loc": {
                    "start": {
                        "line": 181,
                        "column": 12
                    },
                    "end": {
                        "line": 181,
                        "column": 46
                    }
                },
                "type": "if",
                "locations": [
                    {
                        "start": {
                            "line": 181,
                            "column": 12
                        },
                        "end": {
                            "line": 181,
                            "column": 46
                        }
                    },
                    {
                        "start": {},
                        "end": {}
                    }
                ]
            }
        },
        "s": {
            "0": 2,
            "1": 2,
            "2": 4,
            "3": 4,
            "4": 164,
            "5": 164,
            "6": 164,
            "7": 164,
            "8": 4,
            "9": 4,
            "10": 4,
            "11": 4,
            "12": 46,
            "13": 46,
            "14": 46,
            "15": 164,
            "16": 46,
            "17": 4,
            "18": 10,
            "19": 10,
            "20": 116,
            "21": 116,
            "22": 116,
            "23": 416,
            "24": 116,
            "25": 10,
            "26": 276,
            "27": 0,
            "28": 276,
            "29": 276,
            "30": 276,
            "31": 4398,
            "32": 512,
            "33": 276,
            "34": 272,
            "35": 272,
            "36": 512,
            "37": 272,
            "38": 4,
            "39": 4,
            "40": 4,
            "41": 2,
            "42": 2,
            "43": 32,
            "44": 4,
            "45": 2,
            "46": 2,
            "47": 32,
            "48": 32,
            "49": 240,
            "50": 4,
            "51": 6,
            "52": 6,
            "53": 6,
            "54": 6,
            "55": 6,
            "56": 2,
            "57": 4,
            "58": 4,
            "59": 0,
            "60": 4,
            "61": 4,
            "62": 4,
            "63": 4,
            "64": 6,
            "65": 0,
            "66": 6,
            "67": 6,
            "68": 6,
            "69": 0,
            "70": 6,
            "71": 4,
            "72": 5,
            "73": 1,
            "74": 4,
            "75": 4,
            "76": 4,
            "77": 4,
            "78": 276,
            "79": 0,
            "80": 276,
            "81": 276,
            "82": 272,
            "83": 4,
            "84": 4,
            "85": 4,
            "86": 0,
            "87": 4,
            "88": 0,
            "89": 4,
            "90": 3,
            "91": 1,
            "92": 1,
            "93": 1,
            "94": 1,
            "95": 1,
            "96": 1,
            "97": 1,
            "98": 3,
            "99": 3,
            "100": 1,
            "101": 2
        },
        "f": {
            "0": 4,
            "1": 164,
            "2": 4,
            "3": 10,
            "4": 276,
            "5": 272,
            "6": 4,
            "7": 6,
            "8": 6,
            "9": 5,
            "10": 1,
            "11": 3,
            "12": 3,
            "13": 1
        },
        "b": {
            "0": [
                62,
                54
            ],
            "1": [
                0,
                276
            ],
            "2": [
                512,
                3886
            ],
            "3": [
                256,
                256
            ],
            "4": [
                2,
                2
            ],
            "5": [
                2,
                2
            ],
            "6": [
                6,
                4
            ],
            "7": [
                6,
                4
            ],
            "8": [
                6,
                4
            ],
            "9": [
                6,
                6
            ],
            "10": [
                2,
                4
            ],
            "11": [
                0,
                4
            ],
            "12": [
                4,
                4
            ],
            "13": [
                0,
                6
            ],
            "14": [
                0,
                6
            ],
            "15": [
                1,
                4
            ],
            "16": [
                0,
                276
            ],
            "17": [
                272,
                4
            ],
            "18": [
                0,
                4
            ],
            "19": [
                0,
                4
            ],
            "20": [
                3,
                1
            ],
            "21": [
                1,
                0
            ]
        }
    },
    "C:\\projects\\rag-ts\\src\\vector\\similarity.ts": {
        "path": "C:\\projects\\rag-ts\\src\\vector\\similarity.ts",
        "statementMap": {
            "0": {
                "start": {
                    "line": 5,
                    "column": 0
                },
                "end": {
                    "line": 5,
                    "column": 16
                }
            },
            "1": {
                "start": {
                    "line": 6,
                    "column": 4
                },
                "end": {
                    "line": 6,
                    "column": 77
                }
            },
            "2": {
                "start": {
                    "line": 6,
                    "column": 67
                },
                "end": {
                    "line": 6,
                    "column": 77
                }
            },
            "3": {
                "start": {
                    "line": 8,
                    "column": 14
                },
                "end": {
                    "line": 8,
                    "column": 15
                }
            },
            "4": {
                "start": {
                    "line": 9,
                    "column": 16
                },
                "end": {
                    "line": 9,
                    "column": 17
                }
            },
            "5": {
                "start": {
                    "line": 10,
                    "column": 16
                },
                "end": {
                    "line": 10,
                    "column": 17
                }
            },
            "6": {
                "start": {
                    "line": 12,
                    "column": 4
                },
                "end": {
                    "line": 16,
                    "column": 5
                }
            },
            "7": {
                "start": {
                    "line": 12,
                    "column": 17
                },
                "end": {
                    "line": 12,
                    "column": 18
                }
            },
            "8": {
                "start": {
                    "line": 13,
                    "column": 8
                },
                "end": {
                    "line": 13,
                    "column": 27
                }
            },
            "9": {
                "start": {
                    "line": 14,
                    "column": 8
                },
                "end": {
                    "line": 14,
                    "column": 29
                }
            },
            "10": {
                "start": {
                    "line": 15,
                    "column": 8
                },
                "end": {
                    "line": 15,
                    "column": 29
                }
            },
            "11": {
                "start": {
                    "line": 18,
                    "column": 4
                },
                "end": {
                    "line": 18,
                    "column": 46
                }
            },
            "12": {
                "start": {
                    "line": 18,
                    "column": 36
                },
                "end": {
                    "line": 18,
                    "column": 46
                }
            },
            "13": {
                "start": {
                    "line": 19,
                    "column": 4
                },
                "end": {
                    "line": 19,
                    "column": 55
                }
            }
        },
        "fnMap": {
            "0": {
                "name": "cosineSimilarity",
                "decl": {
                    "start": {
                        "line": 5,
                        "column": 16
                    },
                    "end": {
                        "line": 5,
                        "column": 32
                    }
                },
                "loc": {
                    "start": {
                        "line": 5,
                        "column": 57
                    },
                    "end": {
                        "line": 20,
                        "column": 1
                    }
                }
            }
        },
        "branchMap": {
            "0": {
                "loc": {
                    "start": {
                        "line": 6,
                        "column": 4
                    },
                    "end": {
                        "line": 6,
                        "column": 77
                    }
                },
                "type": "if",
                "locations": [
                    {
                        "start": {
                            "line": 6,
                            "column": 4
                        },
                        "end": {
                            "line": 6,
                            "column": 77
                        }
                    },
                    {
                        "start": {},
                        "end": {}
                    }
                ]
            },
            "1": {
                "loc": {
                    "start": {
                        "line": 6,
                        "column": 8
                    },
                    "end": {
                        "line": 6,
                        "column": 65
                    }
                },
                "type": "binary-expr",
                "locations": [
                    {
                        "start": {
                            "line": 6,
                            "column": 8
                        },
                        "end": {
                            "line": 6,
                            "column": 22
                        }
                    },
                    {
                        "start": {
                            "line": 6,
                            "column": 26
                        },
                        "end": {
                            "line": 6,
                            "column": 40
                        }
                    },
                    {
                        "start": {
                            "line": 6,
                            "column": 44
                        },
                        "end": {
                            "line": 6,
                            "column": 65
                        }
                    }
                ]
            },
            "2": {
                "loc": {
                    "start": {
                        "line": 18,
                        "column": 4
                    },
                    "end": {
                        "line": 18,
                        "column": 46
                    }
                },
                "type": "if",
                "locations": [
                    {
                        "start": {
                            "line": 18,
                            "column": 4
                        },
                        "end": {
                            "line": 18,
                            "column": 46
                        }
                    },
                    {
                        "start": {},
                        "end": {}
                    }
                ]
            },
            "3": {
                "loc": {
                    "start": {
                        "line": 18,
                        "column": 8
                    },
                    "end": {
                        "line": 18,
                        "column": 34
                    }
                },
                "type": "binary-expr",
                "locations": [
                    {
                        "start": {
                            "line": 18,
                            "column": 8
                        },
                        "end": {
                            "line": 18,
                            "column": 19
                        }
                    },
                    {
                        "start": {
                            "line": 18,
                            "column": 23
                        },
                        "end": {
                            "line": 18,
                            "column": 34
                        }
                    }
                ]
            }
        },
        "s": {
            "0": 2,
            "1": 12,
            "2": 2,
            "3": 10,
            "4": 10,
            "5": 10,
            "6": 10,
            "7": 10,
            "8": 28,
            "9": 28,
            "10": 28,
            "11": 10,
            "12": 1,
            "13": 9
        },
        "f": {
            "0": 12
        },
        "b": {
            "0": [
                2,
                10
            ],
            "1": [
                12,
                11,
                11
            ],
            "2": [
                1,
                9
            ],
            "3": [
                10,
                9
            ]
        }
    }
}