TN:
SF:src\defaults.ts
FNF:0
FNH:0
DA:5,5
DA:6,5
DA:12,5
DA:13,5
DA:19,5
DA:25,5
DA:26,5
DA:27,5
DA:28,5
DA:34,5
DA:35,5
DA:36,5
DA:37,5
DA:43,5
DA:44,5
DA:50,5
DA:51,5
DA:52,5
DA:53,5
DA:54,5
DA:60,5
DA:62,5
DA:74,5
DA:82,5
DA:87,5
DA:112,5
LF:26
LH:26
BRF:0
BRH:0
end_of_record
TN:
SF:src\cache\lru-cache.ts
FN:13,(anonymous_0)
FN:18,(anonymous_1)
FN:30,(anonymous_2)
FN:35,(anonymous_3)
FN:39,(anonymous_4)
FN:43,(anonymous_5)
FN:47,(anonymous_6)
FN:51,(anonymous_7)
FN:55,(anonymous_8)
FNF:9
FNH:9
FNDA:6,(anonymous_0)
FNDA:12,(anonymous_1)
FNDA:10,(anonymous_2)
FNDA:1,(anonymous_3)
FNDA:1,(anonymous_4)
FNDA:1,(anonymous_5)
FNDA:4,(anonymous_6)
FNDA:10,(anonymous_7)
FNDA:2,(anonymous_8)
DA:4,2
DA:5,6
DA:14,6
DA:15,6
DA:19,12
DA:20,12
DA:22,8
DA:23,1
DA:24,1
DA:27,7
DA:31,10
DA:32,10
DA:36,1
DA:40,1
DA:44,1
DA:48,4
DA:52,10
DA:54,1
DA:55,2
DA:58,1
DA:59,1
DA:60,1
LF:22
LH:22
BRDA:13,0,0,3
BRDA:20,1,0,4
BRDA:20,1,1,8
BRDA:22,2,0,1
BRDA:22,2,1,7
BRDA:22,3,0,8
BRDA:22,3,1,4
BRDA:52,4,0,9
BRDA:52,4,1,1
BRF:9
BRH:9
end_of_record
TN:
SF:src\chunking\code-chunker.ts
FN:13,lineStartOffsets
FN:23,toIndexFromLine
FN:31,normalizeSymbolKind
FN:51,extractSymbolsFromTreeSitterTs
FN:58,(anonymous_4)
FN:100,(anonymous_5)
FN:110,(anonymous_6)
FN:121,(anonymous_7)
FN:137,(anonymous_8)
FNF:9
FNH:4
FNDA:0,lineStartOffsets
FNDA:0,toIndexFromLine
FNDA:0,normalizeSymbolKind
FNDA:3,extractSymbolsFromTreeSitterTs
FNDA:0,(anonymous_4)
FNDA:2,(anonymous_5)
FNDA:3,(anonymous_6)
FNDA:3,(anonymous_7)
FNDA:0,(anonymous_8)
DA:1,1
DA:3,1
DA:4,1
DA:5,1
DA:14,0
DA:15,0
DA:16,0
DA:17,0
DA:20,0
DA:24,0
DA:25,0
DA:26,0
DA:27,0
DA:28,0
DA:34,0
DA:45,0
DA:47,0
DA:52,3
DA:53,3
DA:55,0
DA:56,0
DA:58,0
DA:60,0
DA:61,0
DA:63,0
DA:64,0
DA:65,0
DA:66,0
DA:68,0
DA:69,0
DA:71,0
DA:81,0
DA:84,0
DA:95,1
DA:101,2
DA:102,2
DA:103,2
DA:111,3
DA:112,3
DA:114,3
DA:115,3
DA:116,3
DA:118,3
DA:122,3
DA:123,3
DA:124,3
DA:126,0
DA:129,3
DA:130,3
DA:133,0
DA:134,0
DA:135,0
DA:137,0
DA:138,0
DA:139,0
DA:140,0
DA:141,0
DA:144,0
DA:145,0
DA:146,0
DA:147,0
DA:153,0
DA:158,0
DA:159,0
DA:163,0
DA:164,0
DA:165,0
DA:166,0
DA:170,0
DA:171,0
DA:174,0
DA:175,0
DA:178,0
DA:179,0
DA:181,0
DA:183,0
DA:187,0
DA:190,0
DA:191,0
DA:194,0
LF:80
LH:21
BRDA:16,0,0,0
BRDA:16,0,1,0
BRDA:24,1,0,0
BRDA:24,1,1,0
BRDA:27,2,0,0
BRDA:27,2,1,0
BRDA:34,3,0,0
BRDA:34,3,1,0
BRDA:34,3,2,0
BRDA:34,3,3,0
BRDA:34,3,4,0
BRDA:34,3,5,0
BRDA:34,3,6,0
BRDA:34,3,7,0
BRDA:34,3,8,0
BRDA:34,3,9,0
BRDA:34,3,10,0
BRDA:53,4,0,3
BRDA:53,4,1,0
BRDA:58,5,0,0
BRDA:58,5,1,0
BRDA:66,6,0,0
BRDA:66,6,1,0
BRDA:69,7,0,0
BRDA:69,7,1,0
BRDA:73,8,0,0
BRDA:73,8,1,0
BRDA:101,9,0,2
BRDA:101,9,1,2
BRDA:102,10,0,2
BRDA:102,10,1,2
BRDA:112,11,0,0
BRDA:112,11,1,3
BRDA:114,12,0,3
BRDA:114,12,1,3
BRDA:115,13,0,3
BRDA:115,13,1,0
BRDA:115,14,0,0
BRDA:115,14,1,0
BRDA:116,15,0,0
BRDA:116,15,1,3
BRDA:129,16,0,3
BRDA:129,16,1,0
BRDA:138,17,0,0
BRDA:138,17,1,0
BRDA:144,18,0,0
BRDA:144,18,1,0
BRDA:149,19,0,0
BRDA:149,19,1,0
BRDA:155,20,0,0
BRDA:155,20,1,0
BRDA:163,21,0,0
BRDA:163,21,1,0
BRDA:163,22,0,0
BRDA:163,22,1,0
BRDA:165,23,0,0
BRDA:165,23,1,0
BRDA:174,24,0,0
BRDA:174,24,1,0
BRDA:174,25,0,0
BRDA:174,25,1,0
BRDA:178,26,0,0
BRDA:178,26,1,0
BRDA:190,27,0,0
BRDA:190,27,1,0
BRF:65
BRH:11
end_of_record
TN:
SF:src\chunking\languages.ts
FN:226,nodeTypeToSymbolKind
FN:242,getGrammarForExtension
FN:249,getSymbolNodeTypes
FNF:3
FNH:3
FNDA:6,nodeTypeToSymbolKind
FNDA:6,getGrammarForExtension
FNDA:2,getSymbolNodeTypes
DA:4,2
DA:79,2
DA:226,2
DA:227,6
DA:228,5
DA:229,4
DA:230,3
DA:231,3
DA:232,2
DA:233,2
DA:234,1
DA:235,1
DA:236,1
DA:242,2
DA:243,6
DA:249,2
DA:250,2
LF:17
LH:17
BRDA:227,0,0,1
BRDA:227,0,1,5
BRDA:227,1,0,6
BRDA:227,1,1,5
BRDA:227,1,2,5
BRDA:228,2,0,1
BRDA:228,2,1,4
BRDA:228,3,0,5
BRDA:228,3,1,4
BRDA:229,4,0,1
BRDA:229,4,1,3
BRDA:229,5,0,4
BRDA:229,5,1,3
BRDA:229,5,2,3
BRDA:230,6,0,0
BRDA:230,6,1,3
BRDA:230,7,0,3
BRDA:230,7,1,0
BRDA:231,8,0,1
BRDA:231,8,1,2
BRDA:232,9,0,0
BRDA:232,9,1,2
BRDA:232,10,0,2
BRDA:232,10,1,2
BRDA:232,10,2,2
BRDA:233,11,0,1
BRDA:233,11,1,1
BRDA:233,12,0,2
BRDA:233,12,1,1
BRDA:233,12,2,1
BRDA:233,12,3,1
BRDA:234,13,0,0
BRDA:234,13,1,1
BRDA:235,14,0,0
BRDA:235,14,1,1
BRDA:235,15,0,1
BRDA:235,15,1,1
BRDA:235,15,2,1
BRDA:235,15,3,1
BRDA:235,15,4,1
BRDA:235,15,5,1
BRDA:235,15,6,1
BRDA:235,15,7,1
BRDA:250,16,0,2
BRDA:250,16,1,1
BRF:45
BRH:40
end_of_record
TN:
SF:src\chunking\text-chunker.ts
FN:12,(anonymous_0)
FN:17,(anonymous_1)
FNF:2
FNH:2
FNDA:7,(anonymous_0)
FNDA:6,(anonymous_1)
DA:1,2
DA:8,2
DA:13,7
DA:14,7
DA:18,6
DA:19,6
DA:21,5
DA:22,5
DA:24,5
DA:25,10
DA:26,10
DA:27,10
DA:28,10
DA:30,10
DA:31,5
DA:34,5
LF:16
LH:16
BRDA:13,0,0,7
BRDA:13,0,1,2
BRDA:14,1,0,7
BRDA:14,1,1,2
BRDA:19,2,0,1
BRDA:19,2,1,5
BRDA:27,3,0,10
BRDA:27,3,1,0
BRDA:30,4,0,5
BRDA:30,4,1,5
BRF:10
BRH:9
end_of_record
TN:
SF:src\embedding\ollama.ts
FN:16,createOllamaEmbed
FN:20,(anonymous_1)
FNF:2
FNH:2
FNDA:4,createOllamaEmbed
FNDA:4,(anonymous_1)
DA:16,1
DA:17,4
DA:18,4
DA:20,4
DA:21,4
DA:24,3
DA:30,3
DA:31,1
DA:32,1
DA:33,1
DA:38,2
DA:39,2
DA:40,3
DA:46,3
DA:47,1
DA:50,2
DA:51,2
DA:52,0
DA:54,2
DA:57,1
LF:20
LH:19
BRDA:17,0,0,4
BRDA:17,0,1,3
BRDA:18,1,0,4
BRDA:18,1,1,3
BRDA:21,2,0,1
BRDA:21,2,1,3
BRDA:30,3,0,1
BRDA:30,3,1,2
BRDA:32,4,0,1
BRDA:32,4,1,0
BRDA:32,5,0,1
BRDA:32,5,1,1
BRDA:46,6,0,1
BRDA:46,6,1,2
BRDA:51,7,0,0
BRDA:51,7,1,2
BRF:16
BRH:14
end_of_record
TN:
SF:src\indexer\indexer.ts
FN:32,normalizeFolderPath
FN:36,normalizeExtensions
FN:39,(anonymous_2)
FN:41,(anonymous_3)
FN:45,normalizeFolders
FN:47,(anonymous_5)
FN:50,computeContentHash
FN:54,runWithConcurrency
FN:63,(anonymous_8)
FN:72,(anonymous_9)
FN:108,(anonymous_10)
FN:123,(anonymous_11)
FN:150,(anonymous_12)
FN:159,(anonymous_13)
FN:221,(anonymous_14)
FN:224,(anonymous_15)
FN:304,(anonymous_16)
FN:313,(anonymous_17)
FN:320,(anonymous_18)
FN:330,(anonymous_19)
FN:338,(anonymous_20)
FN:348,(anonymous_21)
FN:397,(anonymous_22)
FN:418,(anonymous_23)
FN:422,(anonymous_24)
FN:432,(anonymous_25)
FN:440,(anonymous_26)
FN:463,(anonymous_27)
FN:469,(anonymous_28)
FNF:29
FNH:23
FNDA:7,normalizeFolderPath
FNDA:3,normalizeExtensions
FNDA:3,(anonymous_2)
FNDA:3,(anonymous_3)
FNDA:3,normalizeFolders
FNDA:0,(anonymous_5)
FNDA:4,computeContentHash
FNDA:3,runWithConcurrency
FNDA:3,(anonymous_8)
FNDA:3,(anonymous_9)
FNDA:2,(anonymous_10)
FNDA:3,(anonymous_11)
FNDA:3,(anonymous_12)
FNDA:4,(anonymous_13)
FNDA:3,(anonymous_14)
FNDA:3,(anonymous_15)
FNDA:0,(anonymous_16)
FNDA:3,(anonymous_17)
FNDA:1,(anonymous_18)
FNDA:0,(anonymous_19)
FNDA:3,(anonymous_20)
FNDA:6,(anonymous_21)
FNDA:6,(anonymous_22)
FNDA:4,(anonymous_23)
FNDA:3,(anonymous_24)
FNDA:3,(anonymous_25)
FNDA:0,(anonymous_26)
FNDA:0,(anonymous_27)
FNDA:0,(anonymous_28)
DA:1,1
DA:2,1
DA:3,1
DA:4,1
DA:21,1
DA:22,1
DA:23,1
DA:24,1
DA:25,1
DA:26,1
DA:33,7
DA:37,3
DA:38,3
DA:39,3
DA:41,3
DA:42,3
DA:46,3
DA:47,0
DA:51,4
DA:59,3
DA:60,2
DA:61,2
DA:63,2
DA:64,3
DA:65,6
DA:66,6
DA:67,6
DA:68,3
DA:72,3
DA:101,1
DA:103,2
DA:106,2
DA:109,2
DA:110,2
DA:111,2
DA:112,2
DA:124,3
DA:125,3
DA:128,3
DA:129,3
DA:130,3
DA:131,3
DA:133,3
DA:134,3
DA:137,3
DA:138,0
DA:141,3
DA:142,3
DA:143,3
DA:144,3
DA:146,3
DA:147,3
DA:148,3
DA:150,3
DA:151,3
DA:152,3
DA:154,3
DA:159,4
DA:160,3
DA:162,3
DA:163,3
DA:164,3
DA:165,3
DA:166,3
DA:167,3
DA:170,3
DA:171,1
DA:172,0
DA:173,0
DA:174,0
DA:175,0
DA:178,0
DA:179,0
DA:184,3
DA:185,3
DA:186,4
DA:187,4
DA:188,0
DA:189,0
DA:191,4
DA:195,3
DA:196,3
DA:197,4
DA:198,4
DA:199,4
DA:200,4
DA:201,1
DA:206,1
DA:207,1
DA:209,3
DA:212,3
DA:213,3
DA:214,3
DA:216,3
DA:217,2
DA:221,3
DA:222,3
DA:223,3
DA:224,3
DA:226,3
DA:227,3
DA:228,3
DA:229,3
DA:230,3
DA:234,3
DA:235,3
DA:236,0
DA:237,0
DA:241,3
DA:242,3
DA:243,3
DA:244,3
DA:245,3
DA:246,3
DA:247,3
DA:257,3
DA:264,3
DA:265,3
DA:266,3
DA:267,3
DA:270,3
DA:271,3
DA:272,3
DA:273,3
DA:274,3
DA:275,3
DA:276,3
DA:277,3
DA:278,3
DA:280,3
DA:281,2
DA:282,2
DA:283,2
DA:286,3
DA:287,3
DA:289,0
DA:290,0
DA:291,0
DA:293,3
DA:294,3
DA:298,3
DA:305,0
DA:306,0
DA:307,0
DA:314,3
DA:321,1
DA:322,1
DA:323,1
DA:331,0
DA:339,3
DA:340,3
DA:341,3
DA:349,6
DA:350,6
DA:351,6
DA:353,2
DA:359,2
DA:381,2
DA:393,2
DA:394,2
DA:398,6
DA:400,2
DA:401,2
DA:402,2
DA:403,2
DA:404,2
DA:405,0
DA:408,0
DA:409,0
DA:411,2
DA:412,2
DA:413,2
DA:414,2
DA:419,4
DA:423,3
DA:424,3
DA:433,3
DA:434,3
DA:435,3
DA:436,3
DA:437,3
DA:441,0
DA:442,0
DA:444,0
DA:445,0
DA:446,0
DA:447,0
DA:448,0
DA:449,0
DA:450,0
DA:453,0
DA:454,0
DA:455,0
DA:456,0
DA:459,0
DA:460,0
DA:463,0
DA:464,0
DA:465,0
DA:469,0
DA:471,0
DA:472,0
DA:473,0
DA:475,0
DA:476,0
DA:477,0
DA:478,0
DA:479,0
DA:481,0
DA:482,0
DA:486,0
DA:487,0
DA:488,0
DA:492,0
DA:493,0
DA:494,0
DA:495,0
DA:496,0
DA:497,0
DA:499,0
DA:500,0
DA:501,0
DA:502,0
DA:503,0
DA:505,0
DA:509,0
LF:226
LH:159
BRDA:37,0,0,0
BRDA:37,0,1,3
BRDA:37,1,0,3
BRDA:37,1,1,3
BRDA:41,2,0,3
BRDA:41,2,1,0
BRDA:46,3,0,3
BRDA:46,3,1,0
BRDA:46,4,0,3
BRDA:46,4,1,3
BRDA:59,5,0,1
BRDA:59,5,1,2
BRDA:67,6,0,3
BRDA:67,6,1,3
BRDA:111,7,0,2
BRDA:111,7,1,0
BRDA:130,8,0,3
BRDA:130,8,1,0
BRDA:133,9,0,3
BRDA:133,9,1,0
BRDA:137,10,0,0
BRDA:137,10,1,3
BRDA:142,11,0,3
BRDA:142,11,1,3
BRDA:143,12,0,3
BRDA:143,12,1,3
BRDA:171,13,0,0
BRDA:171,13,1,1
BRDA:173,14,0,0
BRDA:173,14,1,0
BRDA:187,15,0,0
BRDA:187,15,1,4
BRDA:187,16,0,4
BRDA:187,16,1,1
BRDA:187,16,2,0
BRDA:200,17,0,1
BRDA:200,17,1,3
BRDA:200,18,0,4
BRDA:200,18,1,1
BRDA:200,18,2,1
BRDA:216,19,0,2
BRDA:216,19,1,1
BRDA:235,20,0,0
BRDA:235,20,1,3
BRDA:244,21,0,0
BRDA:244,21,1,3
BRDA:280,22,0,2
BRDA:280,22,1,1
BRDA:290,23,0,0
BRDA:290,23,1,0
BRDA:351,24,0,4
BRDA:351,24,1,2
BRDA:398,25,0,4
BRDA:398,25,1,2
BRDA:404,26,0,0
BRDA:404,26,1,2
BRDA:434,27,0,3
BRDA:434,27,1,0
BRDA:437,28,0,3
BRDA:437,28,1,3
BRDA:444,29,0,0
BRDA:444,29,1,0
BRDA:444,30,0,0
BRDA:444,30,1,0
BRDA:444,30,2,0
BRDA:454,31,0,0
BRDA:454,31,1,0
BRDA:459,32,0,0
BRDA:459,32,1,0
BRDA:459,33,0,0
BRDA:459,33,1,0
BRDA:477,34,0,0
BRDA:477,34,1,0
BRDA:481,35,0,0
BRDA:481,35,1,0
BRDA:481,36,0,0
BRDA:481,36,1,0
BRDA:487,37,0,0
BRDA:487,37,1,0
BRF:79
BRH:42
end_of_record
TN:
SF:src\scanner\file-scanner.ts
FN:27,scanDirectory
FN:38,walk
FNF:2
FNH:2
FNDA:5,scanDirectory
FNDA:10,walk
DA:1,2
DA:2,2
DA:3,2
DA:27,2
DA:31,5
DA:32,5
DA:33,5
DA:34,5
DA:36,5
DA:39,10
DA:41,10
DA:42,16
DA:43,7
DA:44,5
DA:45,5
DA:48,9
DA:50,8
DA:51,8
DA:53,7
DA:54,7
DA:55,7
DA:57,6
DA:58,6
DA:67,5
DA:68,5
LF:25
LH:25
BRDA:31,0,0,5
BRDA:31,0,1,0
BRDA:32,1,0,5
BRDA:32,1,1,0
BRDA:33,2,0,5
BRDA:33,2,1,4
BRDA:34,3,0,5
BRDA:34,3,1,4
BRDA:42,4,0,7
BRDA:42,4,1,9
BRDA:43,5,0,2
BRDA:43,5,1,5
BRDA:48,6,0,1
BRDA:48,6,1,8
BRDA:51,7,0,1
BRDA:51,7,1,7
BRDA:55,8,0,1
BRDA:55,8,1,6
BRF:18
BRH:16
end_of_record
TN:
SF:src\search\searcher.ts
FN:20,normalizeQuery
FN:49,(anonymous_1)
FN:57,(anonymous_2)
FN:73,(anonymous_3)
FN:91,(anonymous_4)
FN:117,(anonymous_5)
FN:153,(anonymous_6)
FN:154,(anonymous_7)
FN:155,(anonymous_8)
FN:160,(anonymous_9)
FN:161,(anonymous_10)
FN:168,(anonymous_11)
FN:179,(anonymous_12)
FNF:13
FNH:13
FNDA:2,normalizeQuery
FNDA:1,(anonymous_1)
FNDA:2,(anonymous_2)
FNDA:1,(anonymous_3)
FNDA:1,(anonymous_4)
FNDA:2,(anonymous_5)
FNDA:4,(anonymous_6)
FNDA:4,(anonymous_7)
FNDA:2,(anonymous_8)
FNDA:4,(anonymous_9)
FNDA:4,(anonymous_10)
FNDA:2,(anonymous_11)
FNDA:1,(anonymous_12)
DA:1,1
DA:15,1
DA:16,1
DA:17,1
DA:21,2
DA:42,1
DA:45,1
DA:46,1
DA:47,1
DA:50,1
DA:51,1
DA:58,2
DA:59,2
DA:60,2
DA:62,2
DA:63,0
DA:66,2
DA:67,2
DA:68,1
DA:71,1
DA:73,1
DA:79,1
DA:92,1
DA:93,1
DA:95,1
DA:96,1
DA:98,1
DA:104,1
DA:105,2
DA:106,2
DA:107,2
DA:110,1
DA:122,2
DA:123,2
DA:126,2
DA:127,2
DA:132,0
DA:133,0
DA:134,0
DA:135,0
DA:136,0
DA:138,0
DA:142,2
DA:143,2
DA:146,2
DA:149,2
DA:151,2
DA:152,2
DA:153,4
DA:154,4
DA:155,2
DA:159,2
DA:160,4
DA:161,4
DA:165,2
DA:169,2
DA:170,2
DA:172,1
DA:173,1
DA:175,1
DA:176,1
DA:180,1
LF:62
LH:55
BRDA:60,0,0,2
BRDA:60,0,1,1
BRDA:62,1,0,0
BRDA:62,1,1,2
BRDA:62,2,0,2
BRDA:62,2,1,2
BRDA:67,3,0,1
BRDA:67,3,1,1
BRDA:93,4,0,0
BRDA:93,4,1,1
BRDA:93,5,0,1
BRDA:93,5,1,1
BRDA:93,5,2,1
BRDA:96,6,0,0
BRDA:96,6,1,1
BRDA:123,7,0,0
BRDA:123,7,1,2
BRDA:127,8,0,0
BRDA:127,8,1,2
BRDA:128,9,0,2
BRDA:128,9,1,1
BRDA:128,9,2,1
BRDA:135,10,0,0
BRDA:135,10,1,0
BRDA:143,11,0,0
BRDA:143,11,1,2
BRDA:146,12,0,2
BRDA:146,12,1,0
BRDA:149,13,0,2
BRDA:149,13,1,2
BRDA:170,14,0,1
BRDA:170,14,1,1
BRDA:173,15,0,0
BRDA:173,15,1,1
BRF:34
BRH:24
end_of_record
TN:
SF:src\storage\disk-storage.ts
FN:18,getPaths
FN:31,loadFromDisk
FN:39,(anonymous_2)
FN:40,(anonymous_3)
FN:66,(anonymous_4)
FN:86,saveToDisk
FN:114,getDbSizeBytes
FN:127,clearStorage
FNF:8
FNH:8
FNDA:18,getPaths
FNDA:5,loadFromDisk
FNDA:3,(anonymous_2)
FNDA:3,(anonymous_3)
FNDA:1,(anonymous_4)
FNDA:4,saveToDisk
FNDA:7,getDbSizeBytes
FNDA:2,clearStorage
DA:1,2
DA:2,2
DA:3,2
DA:19,18
DA:20,18
DA:31,2
DA:32,5
DA:33,5
DA:34,5
DA:37,5
DA:38,5
DA:39,3
DA:40,3
DA:43,5
DA:44,2
DA:45,1
DA:46,1
DA:47,1
DA:48,1
DA:53,4
DA:54,1
DA:55,1
DA:60,1
DA:61,1
DA:62,1
DA:66,1
DA:70,1
DA:71,1
DA:76,1
DA:77,1
DA:80,5
DA:86,2
DA:91,4
DA:92,4
DA:94,4
DA:99,4
DA:105,4
DA:114,2
DA:115,7
DA:116,7
DA:117,7
DA:118,4
DA:120,3
DA:127,2
DA:128,2
DA:129,2
DA:130,2
LF:47
LH:47
BRDA:43,0,0,2
BRDA:43,0,1,3
BRDA:45,1,0,1
BRDA:45,1,1,0
BRDA:45,2,0,1
BRDA:45,2,1,1
BRDA:47,3,0,0
BRDA:47,3,1,1
BRDA:47,4,0,1
BRDA:47,4,1,1
BRDA:47,4,2,1
BRDA:53,5,0,1
BRDA:53,5,1,3
BRDA:55,6,0,1
BRDA:55,6,1,0
BRDA:56,7,0,1
BRDA:56,7,1,1
BRDA:56,7,2,1
BRDA:61,8,0,0
BRDA:61,8,1,1
BRDA:61,9,0,1
BRDA:61,9,1,1
BRDA:61,9,2,1
BRDA:64,10,0,1
BRDA:64,10,1,0
BRDA:65,11,0,1
BRDA:65,11,1,0
BRDA:70,12,0,1
BRDA:70,12,1,0
BRDA:70,13,0,1
BRDA:70,13,1,1
BRF:31
BRH:24
end_of_record
TN:
SF:src\vector\lsh.ts
FN:14,mulberry32
FN:16,(anonymous_1)
FN:28,createProjection
FN:45,signatureForEmbedding
FN:57,hammingDistance
FN:66,flipSignatureBits
FN:74,buildNearbySignatures
FN:119,(anonymous_7)
FN:130,(anonymous_8)
FN:158,(anonymous_9)
FN:190,(anonymous_10)
FN:192,(anonymous_11)
FN:193,(anonymous_12)
FN:194,(anonymous_13)
FNF:14
FNH:14
FNDA:4,mulberry32
FNDA:164,(anonymous_1)
FNDA:4,createProjection
FNDA:10,signatureForEmbedding
FNDA:276,hammingDistance
FNDA:272,flipSignatureBits
FNDA:4,buildNearbySignatures
FNDA:6,(anonymous_7)
FNDA:6,(anonymous_8)
FNDA:5,(anonymous_9)
FNDA:1,(anonymous_10)
FNDA:3,(anonymous_11)
FNDA:3,(anonymous_12)
FNDA:1,(anonymous_13)
DA:1,2
DA:8,2
DA:15,4
DA:16,4
DA:17,164
DA:18,164
DA:19,164
DA:20,164
DA:29,4
DA:30,4
DA:31,4
DA:32,46
DA:33,46
DA:34,164
DA:36,46
DA:38,4
DA:46,10
DA:47,10
DA:48,116
DA:49,116
DA:50,416
DA:52,116
DA:54,10
DA:58,276
DA:59,276
DA:60,276
DA:61,4398
DA:63,276
DA:67,272
DA:68,272
DA:69,512
DA:71,272
DA:75,4
DA:76,4
DA:78,4
DA:79,2
DA:80,32
DA:84,4
DA:85,2
DA:86,32
DA:87,240
DA:92,4
DA:113,2
DA:120,6
DA:121,6
DA:122,6
DA:123,6
DA:131,6
DA:133,4
DA:134,4
DA:136,4
DA:137,4
DA:138,4
DA:140,4
DA:141,6
DA:142,6
DA:143,6
DA:144,6
DA:145,0
DA:147,6
DA:151,4
DA:159,5
DA:161,4
DA:162,4
DA:163,4
DA:165,4
DA:166,276
DA:167,276
DA:168,276
DA:169,4
DA:170,4
DA:171,4
DA:173,4
DA:176,4
DA:178,1
DA:179,1
DA:180,1
DA:181,1
DA:184,1
DA:191,1
DA:192,3
DA:193,3
DA:194,1
LF:83
LH:82
BRDA:52,0,0,62
BRDA:52,0,1,54
BRDA:58,1,0,0
BRDA:58,1,1,276
BRDA:61,2,0,512
BRDA:61,2,1,3886
BRDA:69,3,0,256
BRDA:69,3,1,256
BRDA:78,4,0,2
BRDA:78,4,1,2
BRDA:84,5,0,2
BRDA:84,5,1,2
BRDA:120,6,0,6
BRDA:120,6,1,4
BRDA:121,7,0,6
BRDA:121,7,1,4
BRDA:122,8,0,6
BRDA:122,8,1,4
BRDA:123,9,0,6
BRDA:123,9,1,6
BRDA:131,10,0,2
BRDA:131,10,1,4
BRDA:134,11,0,0
BRDA:134,11,1,4
BRDA:134,12,0,4
BRDA:134,12,1,4
BRDA:141,13,0,0
BRDA:141,13,1,6
BRDA:144,14,0,0
BRDA:144,14,1,6
BRDA:159,15,0,1
BRDA:159,15,1,4
BRDA:166,16,0,0
BRDA:166,16,1,276
BRDA:168,17,0,272
BRDA:168,17,1,4
BRDA:171,18,0,0
BRDA:171,18,1,4
BRDA:173,19,0,0
BRDA:173,19,1,4
BRDA:176,20,0,3
BRDA:176,20,1,1
BRDA:181,21,0,1
BRDA:181,21,1,0
BRF:44
BRH:36
end_of_record
TN:
SF:src\vector\similarity.ts
FN:5,cosineSimilarity
FNF:1
FNH:1
FNDA:12,cosineSimilarity
DA:5,2
DA:6,12
DA:8,10
DA:9,10
DA:10,10
DA:12,10
DA:13,28
DA:14,28
DA:15,28
DA:18,10
DA:19,9
LF:11
LH:11
BRDA:6,0,0,2
BRDA:6,0,1,10
BRDA:6,1,0,12
BRDA:6,1,1,11
BRDA:6,1,2,11
BRDA:18,2,0,1
BRDA:18,2,1,9
BRDA:18,3,0,10
BRDA:18,3,1,9
BRF:9
BRH:9
end_of_record
